<?xml version="1.0" encoding="UTF-8"?>
<!-- Generated by org.testng.reporters.JUnitXMLReporter -->
<testsuite hostname="DESKTOP-P8RTCON" ignored="4" name="Test" tests="9" failures="7" timestamp="25 Oct 2022 07:10:34 GMT" time="14.959" errors="0">
  <testcase name="googleTitleTest" time="1.745" classname="TestNGSessions13.GoogleTestWithBT"/>
  <testcase name="noonTitleTest" time="0.0" classname="TestNGSessions13.NoonTest">
    <failure type="java.lang.NullPointerException">
      <![CDATA[java.lang.NullPointerException
at TestNGSessions13.NoonTest.noonTitleTest(NoonTest.java:18)
... Removed 25 stack frames]]>
    </failure>
  </testcase> <!-- noonTitleTest -->
  <testcase name="flipkartTitleTest" time="0.005" classname="TestNGSessions13.FlipkartTest">
    <failure type="java.lang.NullPointerException">
      <![CDATA[java.lang.NullPointerException
at TestNGSessions13.FlipkartTest.flipkartTitleTest(FlipkartTest.java:15)
... Removed 25 stack frames]]>
    </failure>
  </testcase> <!-- flipkartTitleTest -->
  <testcase name="googleLogoTest" time="0.082" classname="TestNGSessions13.GoogleTestWithBT">
    <failure type="org.openqa.selenium.NoSuchElementException" message="no such element: Unable to locate element: {&amp;quot;method&amp;quot;:&amp;quot;css selector&amp;quot;,&amp;quot;selector&amp;quot;:&amp;quot;#hplogo&amp;quot;}
  (Session info: chrome=106.0.5249.119)
For documentation on this error, please visit: https://www.seleniumhq.org/exceptions/no_such_element.html
Build info: version: &amp;apos;3.141.59&amp;apos;, revision: &amp;apos;e82be7d358&amp;apos;, time: &amp;apos;2018-11-14T08:17:03&amp;apos;
System info: host: &amp;apos;DESKTOP-P8RTCON&amp;apos;, ip: &amp;apos;192.168.0.102&amp;apos;, os.name: &amp;apos;Windows 10&amp;apos;, os.arch: &amp;apos;amd64&amp;apos;, os.version: &amp;apos;10.0&amp;apos;, java.version: &amp;apos;1.8.0_202&amp;apos;
Driver info: org.openqa.selenium.chrome.ChromeDriver
Capabilities {acceptInsecureCerts: false, browserName: chrome, browserVersion: 106.0.5249.119, chrome: {chromedriverVersion: 105.0.5195.52 (412c95e51883..., userDataDir: C:\Users\ayesh\AppData\Loca...}, goog:chromeOptions: {debuggerAddress: localhost:64168}, javascriptEnabled: true, networkConnectionEnabled: false, pageLoadStrategy: normal, platform: WINDOWS, platformName: WINDOWS, proxy: Proxy(), setWindowRect: true, strictFileInteractability: false, timeouts: {implicit: 0, pageLoad: 300000, script: 30000}, unhandledPromptBehavior: dismiss and notify, webauthn:extension:credBlob: true, webauthn:extension:largeBlob: true, webauthn:virtualAuthenticators: true}
Session ID: 25128fdbc00106dba82f053cdf1b2321
*** Element info: {Using=id, value=hplogo}">
      <![CDATA[org.openqa.selenium.NoSuchElementException: no such element: Unable to locate element: {"method":"css selector","selector":"#hplogo"}
  (Session info: chrome=106.0.5249.119)
For documentation on this error, please visit: https://www.seleniumhq.org/exceptions/no_such_element.html
Build info: version: '3.141.59', revision: 'e82be7d358', time: '2018-11-14T08:17:03'
System info: host: 'DESKTOP-P8RTCON', ip: '192.168.0.102', os.name: 'Windows 10', os.arch: 'amd64', os.version: '10.0', java.version: '1.8.0_202'
Driver info: org.openqa.selenium.chrome.ChromeDriver
Capabilities {acceptInsecureCerts: false, browserName: chrome, browserVersion: 106.0.5249.119, chrome: {chromedriverVersion: 105.0.5195.52 (412c95e51883..., userDataDir: C:\Users\ayesh\AppData\Loca...}, goog:chromeOptions: {debuggerAddress: localhost:64168}, javascriptEnabled: true, networkConnectionEnabled: false, pageLoadStrategy: normal, platform: WINDOWS, platformName: WINDOWS, proxy: Proxy(), setWindowRect: true, strictFileInteractability: false, timeouts: {implicit: 0, pageLoad: 300000, script: 30000}, unhandledPromptBehavior: dismiss and notify, webauthn:extension:credBlob: true, webauthn:extension:largeBlob: true, webauthn:virtualAuthenticators: true}
Session ID: 25128fdbc00106dba82f053cdf1b2321
*** Element info: {Using=id, value=hplogo}
at org.openqa.selenium.remote.http.W3CHttpResponseCodec.createException(W3CHttpResponseCodec.java:187)
at org.openqa.selenium.remote.http.W3CHttpResponseCodec.decode(W3CHttpResponseCodec.java:122)
at org.openqa.selenium.remote.http.W3CHttpResponseCodec.decode(W3CHttpResponseCodec.java:49)
at org.openqa.selenium.remote.HttpCommandExecutor.execute(HttpCommandExecutor.java:158)
at org.openqa.selenium.remote.service.DriverCommandExecutor.execute(DriverCommandExecutor.java:83)
at org.openqa.selenium.remote.RemoteWebDriver.execute(RemoteWebDriver.java:552)
at org.openqa.selenium.remote.RemoteWebDriver.findElement(RemoteWebDriver.java:323)
at org.openqa.selenium.remote.RemoteWebDriver.findElementById(RemoteWebDriver.java:372)
at org.openqa.selenium.By$ById.findElement(By.java:188)
at org.openqa.selenium.remote.RemoteWebDriver.findElement(RemoteWebDriver.java:315)
at TestNGSessions13.GoogleTestWithBT.googleLogoTest(GoogleTestWithBT.java:25)
... Removed 29 stack frames]]>
    </failure>
  </testcase> <!-- googleLogoTest -->
  <testcase name="noonLogoTest" time="0.0" classname="TestNGSessions13.NoonTest">
    <failure type="java.lang.NullPointerException">
      <![CDATA[java.lang.NullPointerException
at TestNGSessions13.NoonTest.noonLogoTest(NoonTest.java:26)
... Removed 25 stack frames]]>
    </failure>
  </testcase> <!-- noonLogoTest -->
  <testcase name="flipkartLogoTest" time="0.0" classname="TestNGSessions13.FlipkartTest">
    <failure type="java.lang.NullPointerException">
      <![CDATA[java.lang.NullPointerException
at TestNGSessions13.FlipkartTest.flipkartLogoTest(FlipkartTest.java:24)
... Removed 25 stack frames]]>
    </failure>
  </testcase> <!-- flipkartLogoTest -->
  <testcase name="googleSearchButtonTest" time="3.164" classname="TestNGSessions13.GoogleTestWithBT"/>
  <testcase name="noonSignInTest" time="3.005" classname="TestNGSessions13.NoonTest">
    <failure type="java.lang.NullPointerException">
      <![CDATA[java.lang.NullPointerException
at TestNGSessions13.NoonTest.noonSignInTest(NoonTest.java:37)
... Removed 25 stack frames]]>
    </failure>
  </testcase> <!-- noonSignInTest -->
  <testcase name="flipkartSearchButtonTest" time="3.012" classname="TestNGSessions13.FlipkartTest">
    <failure type="java.lang.NullPointerException">
      <![CDATA[java.lang.NullPointerException
at TestNGSessions13.FlipkartTest.flipkartSearchButtonTest(FlipkartTest.java:35)
... Removed 25 stack frames]]>
    </failure>
  </testcase> <!-- flipkartSearchButtonTest -->
  <testcase name="@AfterTest tearDown" time="0.0" classname="TestNGSessions13.BaseTest">
    <ignored/>
  </testcase> <!-- @AfterTest tearDown -->
  <testcase name="@AfterTest tearDown" time="0.0" classname="TestNGSessions13.BaseTest">
    <ignored/>
  </testcase> <!-- @AfterTest tearDown -->
  <testcase name="@BeforeTest setup" time="0.0" classname="TestNGSessions13.BaseTest">
    <ignored/>
  </testcase> <!-- @BeforeTest setup -->
  <testcase name="@BeforeTest setup" time="0.0" classname="TestNGSessions13.BaseTest">
    <ignored/>
  </testcase> <!-- @BeforeTest setup -->
</testsuite> <!-- Test -->
